<?xml version="1.0" encoding="UTF-8"?>
<testsuite name="TestSubString" tests="4" skipped="0" failures="0" errors="0" timestamp="2021-09-25T10:50:27" hostname="eres-Nitro" time="0.036">
  <properties/>
  <testcase name="test1()" classname="TestSubString" time="0.013"/>
  <testcase name="test2()" classname="TestSubString" time="0.001"/>
  <testcase name="test3()" classname="TestSubString" time="0.001"/>
  <testcase name="test4()" classname="TestSubString" time="0.02"/>
  <system-out><![CDATA[]]></system-out>
  <system-err><![CDATA[]]></system-err>
</testsuite>
