<?xml version="1.0" encoding="UTF-8"?>
<testsuite name="TestSemester" tests="4" skipped="0" failures="0" errors="0" timestamp="2021-11-01T09:44:43" hostname="eres-Nitro" time="0.032">
  <properties/>
  <testcase name="AddingSubjects()" classname="TestSemester" time="0.026"/>
  <testcase name="Scholarship()" classname="TestSemester" time="0.002"/>
  <testcase name="AverageResult()" classname="TestSemester" time="0.001"/>
  <testcase name="HonorsDegree()" classname="TestSemester" time="0.001"/>
  <system-out><![CDATA[]]></system-out>
  <system-err><![CDATA[]]></system-err>
</testsuite>
